#
# There is insufficient memory for the Java Runtime Environment to continue.
# Native memory allocation (mmap) failed to map 348127232 bytes for G1 virtual space
# Possible reasons:
#   The system is out of physical RAM or swap space
#   The process is running with CompressedOops enabled, and the Java Heap may be blocking the growth of the native heap
# Possible solutions:
#   Reduce memory load on the system
#   Increase physical memory or swap space
#   Check if swap backing store is full
#   Decrease Java heap size (-Xmx/-Xms)
#   Decrease number of Java threads
#   Decrease Java thread stack sizes (-Xss)
#   Set larger code cache with -XX:ReservedCodeCacheSize=
#   JVM is running with Unscaled Compressed Oops mode in which the Java heap is
#     placed in the first 4GB address space. The Java Heap base address is the
#     maximum limit for the native heap growth. Please use -XX:HeapBaseMinAddress
#     to set the Java Heap base and to place the Java Heap above 4GB virtual address.
# This output file may be truncated or incomplete.
#
#  Out of Memory Error (os_windows.cpp:3530), pid=21380, tid=16340
#
# JRE version: OpenJDK Runtime Environment Corretto-18.0.2.9.1 (18.0.2+9) (build 18.0.2+9-FR)
# Java VM: OpenJDK 64-Bit Server VM Corretto-18.0.2.9.1 (18.0.2+9-FR, mixed mode, sharing, tiered, compressed oops, compressed class ptrs, g1 gc, windows-amd64)
# No core dump will be written. Minidumps are not enabled by default on client versions of Windows
#

---------------  S U M M A R Y ------------

Command Line: -javaagent:C:\Users\Acer\AppData\Local\JetBrains\IntelliJ IDEA Community Edition 2022.3.2\lib\idea_rt.jar=64436:C:\Users\Acer\AppData\Local\JetBrains\IntelliJ IDEA Community Edition 2022.3.2\bin -Dfile.encoding=UTF-8 -Dsun.stdout.encoding=UTF-8 -Dsun.stderr.encoding=UTF-8 GUI.LoginGUI

Host: Intel(R) Core(TM) i5-10300H CPU @ 2.50GHz, 8 cores, 7G,  Windows 11 , 64 bit Build 22621 (10.0.22621.2506)
Time: Fri Nov 24 13:49:10 2023 SE Asia Standard Time elapsed time: 4474.159750 seconds (0d 1h 14m 34s)

---------------  T H R E A D  ---------------

Current thread (0x000002331a325a60):  VMThread "VM Thread" [stack: 0x0000003ef6000000,0x0000003ef6100000] [id=16340]

Stack: [0x0000003ef6000000,0x0000003ef6100000]
Native frames: (J=compiled Java code, j=interpreted, Vv=VM code, C=native code)
V  [jvm.dll+0x685a2a]
V  [jvm.dll+0x82ae8d]
V  [jvm.dll+0x82c75e]
V  [jvm.dll+0x82ce03]
V  [jvm.dll+0x25ef4b]
V  [jvm.dll+0x6828ca]
V  [jvm.dll+0x67745a]
V  [jvm.dll+0x3243f9]
V  [jvm.dll+0x32ba86]
V  [jvm.dll+0x37e00a]
V  [jvm.dll+0x37e24f]
V  [jvm.dll+0x2fb50a]
V  [jvm.dll+0x2fb5b7]
V  [jvm.dll+0x33f162]
V  [jvm.dll+0x33d8f0]
V  [jvm.dll+0x2fad70]
V  [jvm.dll+0x33cecb]
V  [jvm.dll+0x831b3b]
V  [jvm.dll+0x8328c8]
V  [jvm.dll+0x832e15]
V  [jvm.dll+0x833254]
V  [jvm.dll+0x833315]
V  [jvm.dll+0x7d9cba]
V  [jvm.dll+0x6848a5]
C  [ucrtbase.dll+0x29363]
C  [KERNEL32.DLL+0x1257d]
C  [ntdll.dll+0x5aa58]

VM_Operation (0x0000003ef73fc8e0): G1CollectForAllocation, mode: safepoint, requested by thread 0x000002333d5003b0


---------------  P R O C E S S  ---------------

Threads class SMR info:
_java_thread_list=0x000002334043c1f0, length=28, elements={
0x000002333865edc0, 0x000002333865f930, 0x00000233386793c0, 0x0000023338679c70,
0x000002333867a520, 0x000002333867b3e0, 0x000002333867dfd0, 0x0000023338681dc0,
0x000002333868e6e0, 0x000002333c975af0, 0x000002333cb93ef0, 0x000002333cb953c0,
0x000002333ccf3990, 0x000002333ccf42d0, 0x000002333ce62010, 0x000002333d5003b0,
0x000002331a2ac1d0, 0x000002333cf2b630, 0x000002333e38d010, 0x000002333e4d8080,
0x000002333e4d76e0, 0x0000023340ceef90, 0x0000023340cee120, 0x0000023340ced780,
0x0000023340ce98f0, 0x0000023340cecde0, 0x0000023340cea760, 0x0000023340ceeac0
}

Java Threads: ( => current thread )
  0x000002333865edc0 JavaThread "Reference Handler" daemon [_thread_blocked, id=20052, stack(0x0000003ef6100000,0x0000003ef6200000)]
  0x000002333865f930 JavaThread "Finalizer" daemon [_thread_blocked, id=3872, stack(0x0000003ef6200000,0x0000003ef6300000)]
  0x00000233386793c0 JavaThread "Signal Dispatcher" daemon [_thread_blocked, id=19144, stack(0x0000003ef6300000,0x0000003ef6400000)]
  0x0000023338679c70 JavaThread "Attach Listener" daemon [_thread_blocked, id=14664, stack(0x0000003ef6400000,0x0000003ef6500000)]
  0x000002333867a520 JavaThread "Service Thread" daemon [_thread_blocked, id=13448, stack(0x0000003ef6500000,0x0000003ef6600000)]
  0x000002333867b3e0 JavaThread "Monitor Deflation Thread" daemon [_thread_blocked, id=14060, stack(0x0000003ef6600000,0x0000003ef6700000)]
  0x000002333867dfd0 JavaThread "C2 CompilerThread0" daemon [_thread_blocked, id=11544, stack(0x0000003ef6700000,0x0000003ef6800000)]
  0x0000023338681dc0 JavaThread "C1 CompilerThread0" daemon [_thread_blocked, id=16100, stack(0x0000003ef6800000,0x0000003ef6900000)]
  0x000002333868e6e0 JavaThread "Sweeper thread" daemon [_thread_blocked, id=5204, stack(0x0000003ef6900000,0x0000003ef6a00000)]
  0x000002333c975af0 JavaThread "Common-Cleaner" daemon [_thread_blocked, id=14180, stack(0x0000003ef6a00000,0x0000003ef6b00000)]
  0x000002333cb93ef0 JavaThread "Monitor Ctrl-Break" daemon [_thread_in_native, id=16408, stack(0x0000003ef6b00000,0x0000003ef6c00000)]
  0x000002333cb953c0 JavaThread "Notification Thread" daemon [_thread_blocked, id=10672, stack(0x0000003ef6c00000,0x0000003ef6d00000)]
  0x000002333ccf3990 JavaThread "Java2D Disposer" daemon [_thread_blocked, id=2992, stack(0x0000003ef6e00000,0x0000003ef6f00000)]
  0x000002333ccf42d0 JavaThread "AWT-Shutdown" [_thread_blocked, id=3784, stack(0x0000003ef6f00000,0x0000003ef7000000)]
  0x000002333ce62010 JavaThread "AWT-Windows" daemon [_thread_blocked, id=21068, stack(0x0000003ef7000000,0x0000003ef7100000)]
  0x000002333d5003b0 JavaThread "AWT-EventQueue-0" [_thread_blocked, id=19596, stack(0x0000003ef7300000,0x0000003ef7400000)]
  0x000002331a2ac1d0 JavaThread "DestroyJavaVM" [_thread_blocked, id=17484, stack(0x0000003ef5a00000,0x0000003ef5b00000)]
  0x000002333cf2b630 JavaThread "TimerQueue" daemon [_thread_blocked, id=21128, stack(0x0000003ef7700000,0x0000003ef7800000)]
  0x000002333e38d010 JavaThread "mysql-cj-abandoned-connection-cleanup" daemon [_thread_blocked, id=4088, stack(0x0000003ef7100000,0x0000003ef7200000)]
  0x000002333e4d8080 JavaThread "Timer-0" [_thread_blocked, id=4304, stack(0x0000003ef8400000,0x0000003ef8500000)]
  0x000002333e4d76e0 JavaThread "Timer-1" [_thread_blocked, id=18284, stack(0x0000003ef8500000,0x0000003ef8600000)]
  0x0000023340ceef90 JavaThread "Timer-2" [_thread_blocked, id=18556, stack(0x0000003ef5900000,0x0000003ef5a00000)]
  0x0000023340cee120 JavaThread "Timer-3" [_thread_blocked, id=21260, stack(0x0000003ef7200000,0x0000003ef7300000)]
  0x0000023340ced780 JavaThread "Timer-4" [_thread_blocked, id=15944, stack(0x0000003ef5700000,0x0000003ef5800000)]
  0x0000023340ce98f0 JavaThread "Timer-5" [_thread_blocked, id=19796, stack(0x0000003ef5800000,0x0000003ef5900000)]
  0x0000023340cecde0 JavaThread "Timer-6" [_thread_blocked, id=9388, stack(0x0000003ef7400000,0x0000003ef7500000)]
  0x0000023340cea760 JavaThread "Timer-7" [_thread_blocked, id=18660, stack(0x0000003ef7500000,0x0000003ef7600000)]
  0x0000023340ceeac0 JavaThread "Timer-8" [_thread_blocked, id=2192, stack(0x0000003ef8800000,0x0000003ef8900000)]

Other Threads:
=>0x000002331a325a60 VMThread "VM Thread" [stack: 0x0000003ef6000000,0x0000003ef6100000] [id=16340]
  0x000002333cb966b0 WatcherThread "VM Periodic Task Thread" [stack: 0x0000003ef6d00000,0x0000003ef6e00000] [id=13048]
  0x000002331a30b6e0 WorkerThread "GC Thread#0" [stack: 0x0000003ef5b00000,0x0000003ef5c00000] [id=14620]
  0x000002333d20e030 WorkerThread "GC Thread#1" [stack: 0x0000003ef7800000,0x0000003ef7900000] [id=10268]
  0x000002333e1e3450 WorkerThread "GC Thread#2" [stack: 0x0000003ef7900000,0x0000003ef7a00000] [id=1584]
  0x000002333e1e36f0 WorkerThread "GC Thread#3" [stack: 0x0000003ef7a00000,0x0000003ef7b00000] [id=12544]
  0x000002333cc600f0 WorkerThread "GC Thread#4" [stack: 0x0000003ef7b00000,0x0000003ef7c00000] [id=13888]
  0x000002333cc60390 WorkerThread "GC Thread#5" [stack: 0x0000003ef7c00000,0x0000003ef7d00000] [id=11536]
  0x000002333d04dd70 WorkerThread "GC Thread#6" [stack: 0x0000003ef7d00000,0x0000003ef7e00000] [id=8992]
  0x000002333e144ea0 WorkerThread "GC Thread#7" [stack: 0x0000003ef7e00000,0x0000003ef7f00000] [id=19824]
  0x000002331a31c210 ConcurrentGCThread "G1 Main Marker" [stack: 0x0000003ef5c00000,0x0000003ef5d00000] [id=20844]
  0x000002331a31cc00 WorkerThread "G1 Conc#0" [stack: 0x0000003ef5d00000,0x0000003ef5e00000] [id=12524]
  0x000002333eedabc0 WorkerThread "G1 Conc#1" [stack: 0x0000003ef8300000,0x0000003ef8400000] [id=9064]
  0x000002331a36d5f0 ConcurrentGCThread "G1 Refine#0" [stack: 0x0000003ef5e00000,0x0000003ef5f00000] [id=6208]
  0x000002333d35c010 ConcurrentGCThread "G1 Refine#1" [stack: 0x0000003ef7f00000,0x0000003ef8000000] [id=17792]
  0x000002333e18ff50 ConcurrentGCThread "G1 Refine#2" [stack: 0x0000003ef8000000,0x0000003ef8100000] [id=18768]
  0x00000233385130a0 ConcurrentGCThread "G1 Service" [stack: 0x0000003ef5f00000,0x0000003ef6000000] [id=9740]

Threads with active compile tasks:

VM state: at safepoint (normal execution)

VM Mutex/Monitor currently owned by a thread:  ([mutex/lock_event])
[0x000002331a2a85c0] Threads_lock - owner thread: 0x000002331a325a60
[0x000002331a2a7b10] Heap_lock - owner thread: 0x000002333d5003b0

Heap address: 0x0000000082000000, size: 2016 MB, Compressed Oops mode: 32-bit

CDS archive(s) mapped at: [0x0000000800000000-0x0000000800ba0000-0x0000000800ba0000), size 12189696, SharedBaseAddress: 0x0000000800000000, ArchiveRelocationMode: 0.
Compressed class space mapped at: 0x0000000800c00000-0x0000000840c00000, reserved size: 1073741824
Narrow klass base: 0x0000000800000000, Narrow klass shift: 0, Narrow klass range: 0x100000000

GC Precious Log:
 CardTable entry size: 512
 Card Set container configuration: InlinePtr #cards 5 size 8 Array Of Cards #cards 12 size 40 Howl #buckets 4 coarsen threshold 1843 Howl Bitmap #cards 512 size 80 coarsen threshold 460 Card regions per heap region 1 cards per card region 2048
 CPUs: 8 total, 8 available
 Memory: 8059M
 Large Page Support: Disabled
 NUMA Support: Disabled
 Compressed Oops: Enabled (32-bit)
 Heap Region Size: 1M
 Heap Min Capacity: 8M
 Heap Initial Capacity: 126M
 Heap Max Capacity: 2016M
 Pre-touch: Disabled
 Parallel Workers: 8
 Concurrent Workers: 2
 Concurrent Refinement Workers: 8
 Periodic GC: Disabled

Heap:
 garbage-first heap   total 169984K, used 81633K [0x0000000082000000, 0x0000000100000000)
  region size 1024K, 4 young (4096K), 4 survivors (4096K)
 Metaspace       used 31433K, committed 31744K, reserved 1114112K
  class space    used 3041K, committed 3200K, reserved 1048576K

Heap Regions: E=young(eden), S=young(survivor), O=old, HS=humongous(starts), HC=humongous(continues), CS=collection set, F=free, OA=open archive, CA=closed archive, TAMS=top-at-mark-start (previous, next)
|   0|0x0000000082000000, 0x0000000082100000, 0x0000000082100000|100%|HS|  |TAMS 0x0000000082100000, 0x0000000082100000| Complete 
|   1|0x0000000082100000, 0x0000000082200000, 0x0000000082200000|100%|HC|  |TAMS 0x0000000082200000, 0x0000000082200000| Complete 
|   2|0x0000000082200000, 0x0000000082300000, 0x0000000082300000|100%| O|  |TAMS 0x0000000082300000, 0x0000000082300000| Untracked 
|   3|0x0000000082300000, 0x0000000082400000, 0x0000000082400000|100%| O|  |TAMS 0x0000000082400000, 0x0000000082400000| Untracked 
|   4|0x0000000082400000, 0x0000000082500000, 0x0000000082500000|100%| O|  |TAMS 0x0000000082500000, 0x0000000082500000| Untracked 
|   5|0x0000000082500000, 0x0000000082600000, 0x0000000082600000|100%| O|  |TAMS 0x0000000082600000, 0x0000000082600000| Untracked 
|   6|0x0000000082600000, 0x0000000082700000, 0x0000000082700000|100%| O|  |TAMS 0x0000000082700000, 0x0000000082700000| Untracked 
|   7|0x0000000082700000, 0x0000000082800000, 0x0000000082800000|100%| O|  |TAMS 0x0000000082800000, 0x0000000082800000| Untracked 
|   8|0x0000000082800000, 0x0000000082900000, 0x0000000082900000|100%| O|  |TAMS 0x0000000082900000, 0x0000000082900000| Untracked 
|   9|0x0000000082900000, 0x0000000082a00000, 0x0000000082a00000|100%| O|  |TAMS 0x0000000082a00000, 0x0000000082a00000| Untracked 
|  10|0x0000000082a00000, 0x0000000082b00000, 0x0000000082b00000|100%| O|  |TAMS 0x0000000082b00000, 0x0000000082b00000| Untracked 
|  11|0x0000000082b00000, 0x0000000082c00000, 0x0000000082c00000|100%| O|  |TAMS 0x0000000082c00000, 0x0000000082c00000| Untracked 
|  12|0x0000000082c00000, 0x0000000082d00000, 0x0000000082d00000|100%| O|  |TAMS 0x0000000082d00000, 0x0000000082d00000| Untracked 
|  13|0x0000000082d00000, 0x0000000082e00000, 0x0000000082e00000|100%| O|  |TAMS 0x0000000082e00000, 0x0000000082e00000| Untracked 
|  14|0x0000000082e00000, 0x0000000082f00000, 0x0000000082f00000|100%| O|  |TAMS 0x0000000082f00000, 0x0000000082f00000| Untracked 
|  15|0x0000000082f00000, 0x0000000083000000, 0x0000000083000000|100%| O|  |TAMS 0x0000000083000000, 0x0000000083000000| Untracked 
|  16|0x0000000083000000, 0x0000000083100000, 0x0000000083100000|100%| O|  |TAMS 0x0000000083100000, 0x0000000083100000| Untracked 
|  17|0x0000000083100000, 0x0000000083200000, 0x0000000083200000|100%| O|  |TAMS 0x0000000083200000, 0x0000000083200000| Untracked 
|  18|0x0000000083200000, 0x0000000083300000, 0x0000000083300000|100%| O|  |TAMS 0x0000000083300000, 0x0000000083300000| Untracked 
|  19|0x0000000083300000, 0x0000000083400000, 0x0000000083400000|100%| O|  |TAMS 0x0000000083400000, 0x0000000083400000| Untracked 
|  20|0x0000000083400000, 0x0000000083500000, 0x0000000083500000|100%| O|  |TAMS 0x0000000083500000, 0x0000000083500000| Untracked 
|  21|0x0000000083500000, 0x0000000083600000, 0x0000000083600000|100%| O|  |TAMS 0x0000000083600000, 0x0000000083600000| Untracked 
|  22|0x0000000083600000, 0x0000000083700000, 0x0000000083700000|100%| O|  |TAMS 0x0000000083700000, 0x0000000083700000| Untracked 
|  23|0x0000000083700000, 0x0000000083800000, 0x0000000083800000|100%| O|  |TAMS 0x0000000083800000, 0x0000000083800000| Untracked 
|  24|0x0000000083800000, 0x0000000083900000, 0x0000000083900000|100%| O|  |TAMS 0x0000000083900000, 0x0000000083900000| Untracked 
|  25|0x0000000083900000, 0x0000000083a00000, 0x0000000083a00000|100%| O|  |TAMS 0x0000000083a00000, 0x0000000083a00000| Untracked 
|  26|0x0000000083a00000, 0x0000000083b00000, 0x0000000083b00000|100%| O|  |TAMS 0x0000000083b00000, 0x0000000083b00000| Untracked 
|  27|0x0000000083b00000, 0x0000000083c00000, 0x0000000083c00000|100%| O|  |TAMS 0x0000000083c00000, 0x0000000083c00000| Untracked 
|  28|0x0000000083c00000, 0x0000000083d00000, 0x0000000083d00000|100%| O|  |TAMS 0x0000000083d00000, 0x0000000083d00000| Untracked 
|  29|0x0000000083d00000, 0x0000000083e00000, 0x0000000083e00000|100%| O|  |TAMS 0x0000000083e00000, 0x0000000083e00000| Untracked 
|  30|0x0000000083e00000, 0x0000000083f00000, 0x0000000083f00000|100%| O|  |TAMS 0x0000000083f00000, 0x0000000083f00000| Untracked 
|  31|0x0000000083f00000, 0x0000000084000000, 0x0000000084000000|100%| O|  |TAMS 0x0000000084000000, 0x0000000084000000| Untracked 
|  32|0x0000000084000000, 0x0000000084000000, 0x0000000084100000|  0%| F|  |TAMS 0x0000000084000000, 0x0000000084000000| Untracked 
|  33|0x0000000084100000, 0x0000000084200000, 0x0000000084200000|100%| O|  |TAMS 0x0000000084200000, 0x0000000084200000| Untracked 
|  34|0x0000000084200000, 0x0000000084300000, 0x0000000084300000|100%| O|  |TAMS 0x0000000084300000, 0x0000000084300000| Untracked 
|  35|0x0000000084300000, 0x0000000084400000, 0x0000000084400000|100%| O|  |TAMS 0x0000000084400000, 0x0000000084400000| Untracked 
|  36|0x0000000084400000, 0x0000000084500000, 0x0000000084500000|100%| O|  |TAMS 0x0000000084500000, 0x0000000084500000| Untracked 
|  37|0x0000000084500000, 0x0000000084500000, 0x0000000084600000|  0%| F|  |TAMS 0x0000000084500000, 0x0000000084500000| Untracked 
|  38|0x0000000084600000, 0x0000000084700000, 0x0000000084700000|100%| O|  |TAMS 0x0000000084700000, 0x0000000084700000| Untracked 
|  39|0x0000000084700000, 0x0000000084700000, 0x0000000084800000|  0%| F|  |TAMS 0x0000000084700000, 0x0000000084700000| Untracked 
|  40|0x0000000084800000, 0x0000000084800000, 0x0000000084900000|  0%| F|  |TAMS 0x0000000084800000, 0x0000000084800000| Untracked 
|  41|0x0000000084900000, 0x0000000084a00000, 0x0000000084a00000|100%|HS|  |TAMS 0x0000000084a00000, 0x0000000084a00000| Complete 
|  42|0x0000000084a00000, 0x0000000084b00000, 0x0000000084b00000|100%|HC|  |TAMS 0x0000000084b00000, 0x0000000084b00000| Complete 
|  43|0x0000000084b00000, 0x0000000084c00000, 0x0000000084c00000|100%|HC|  |TAMS 0x0000000084c00000, 0x0000000084c00000| Complete 
|  44|0x0000000084c00000, 0x0000000084d00000, 0x0000000084d00000|100%|HC|  |TAMS 0x0000000084d00000, 0x0000000084d00000| Complete 
|  45|0x0000000084d00000, 0x0000000084e00000, 0x0000000084e00000|100%|HC|  |TAMS 0x0000000084e00000, 0x0000000084e00000| Complete 
|  46|0x0000000084e00000, 0x0000000084f00000, 0x0000000084f00000|100%| O|  |TAMS 0x0000000084f00000, 0x0000000084f00000| Untracked 
|  47|0x0000000084f00000, 0x0000000085000000, 0x0000000085000000|100%| O|  |TAMS 0x0000000085000000, 0x0000000085000000| Untracked 
|  48|0x0000000085000000, 0x0000000085100000, 0x0000000085100000|100%| O|  |TAMS 0x0000000085084000, 0x0000000085100000| Untracked 
|  49|0x0000000085100000, 0x0000000085100000, 0x0000000085200000|  0%| F|  |TAMS 0x0000000085100000, 0x0000000085100000| Untracked 
|  50|0x0000000085200000, 0x0000000085200000, 0x0000000085300000|  0%| F|  |TAMS 0x0000000085200000, 0x0000000085200000| Untracked 
|  51|0x0000000085300000, 0x0000000085300000, 0x0000000085400000|  0%| F|  |TAMS 0x0000000085300000, 0x0000000085300000| Untracked 
|  52|0x0000000085400000, 0x0000000085400000, 0x0000000085500000|  0%| F|  |TAMS 0x0000000085400000, 0x0000000085400000| Untracked 
|  53|0x0000000085500000, 0x0000000085500000, 0x0000000085600000|  0%| F|  |TAMS 0x0000000085500000, 0x0000000085500000| Untracked 
|  54|0x0000000085600000, 0x0000000085600000, 0x0000000085700000|  0%| F|  |TAMS 0x0000000085600000, 0x0000000085600000| Untracked 
|  55|0x0000000085700000, 0x0000000085700000, 0x0000000085800000|  0%| F|  |TAMS 0x0000000085700000, 0x0000000085700000| Untracked 
|  56|0x0000000085800000, 0x0000000085800000, 0x0000000085900000|  0%| F|  |TAMS 0x0000000085800000, 0x0000000085800000| Untracked 
|  57|0x0000000085900000, 0x0000000085900000, 0x0000000085a00000|  0%| F|  |TAMS 0x0000000085900000, 0x0000000085900000| Untracked 
|  58|0x0000000085a00000, 0x0000000085a00000, 0x0000000085b00000|  0%| F|  |TAMS 0x0000000085a00000, 0x0000000085a00000| Untracked 
|  59|0x0000000085b00000, 0x0000000085b00000, 0x0000000085c00000|  0%| F|  |TAMS 0x0000000085b00000, 0x0000000085b00000| Untracked 
|  60|0x0000000085c00000, 0x0000000085c00000, 0x0000000085d00000|  0%| F|  |TAMS 0x0000000085c00000, 0x0000000085c00000| Untracked 
|  61|0x0000000085d00000, 0x0000000085d00000, 0x0000000085e00000|  0%| F|  |TAMS 0x0000000085d00000, 0x0000000085d00000| Untracked 
|  62|0x0000000085e00000, 0x0000000085e00000, 0x0000000085f00000|  0%| F|  |TAMS 0x0000000085e00000, 0x0000000085e00000| Untracked 
|  63|0x0000000085f00000, 0x0000000085f00000, 0x0000000086000000|  0%| F|  |TAMS 0x0000000085f00000, 0x0000000085f00000| Untracked 
|  64|0x0000000086000000, 0x0000000086100000, 0x0000000086100000|100%| O|  |TAMS 0x0000000086000000, 0x0000000086100000| Untracked 
|  65|0x0000000086100000, 0x0000000086200000, 0x0000000086200000|100%| O|  |TAMS 0x0000000086200000, 0x0000000086200000| Untracked 
|  66|0x0000000086200000, 0x0000000086300000, 0x0000000086300000|100%| O|  |TAMS 0x0000000086200000, 0x0000000086300000| Untracked 
|  67|0x0000000086300000, 0x0000000086400000, 0x0000000086400000|100%|HS|  |TAMS 0x0000000086400000, 0x0000000086400000| Complete 
|  68|0x0000000086400000, 0x0000000086500000, 0x0000000086500000|100%|HC|  |TAMS 0x0000000086500000, 0x0000000086500000| Complete 
|  69|0x0000000086500000, 0x0000000086600000, 0x0000000086600000|100%|HC|  |TAMS 0x0000000086600000, 0x0000000086600000| Complete 
|  70|0x0000000086600000, 0x0000000086700000, 0x0000000086700000|100%|HC|  |TAMS 0x0000000086700000, 0x0000000086700000| Complete 
|  71|0x0000000086700000, 0x0000000086800000, 0x0000000086800000|100%|HC|  |TAMS 0x0000000086800000, 0x0000000086800000| Complete 
|  72|0x0000000086800000, 0x0000000086900000, 0x0000000086900000|100%|HS|  |TAMS 0x0000000086900000, 0x0000000086900000| Complete 
|  73|0x0000000086900000, 0x0000000086a00000, 0x0000000086a00000|100%|HC|  |TAMS 0x0000000086a00000, 0x0000000086a00000| Complete 
|  74|0x0000000086a00000, 0x0000000086b00000, 0x0000000086b00000|100%|HC|  |TAMS 0x0000000086b00000, 0x0000000086b00000| Complete 
|  75|0x0000000086b00000, 0x0000000086c00000, 0x0000000086c00000|100%|HC|  |TAMS 0x0000000086c00000, 0x0000000086c00000| Complete 
|  76|0x0000000086c00000, 0x0000000086d00000, 0x0000000086d00000|100%|HC|  |TAMS 0x0000000086d00000, 0x0000000086d00000| Complete 
|  77|0x0000000086d00000, 0x0000000086e00000, 0x0000000086e00000|100%|HC|  |TAMS 0x0000000086e00000, 0x0000000086e00000| Complete 
|  78|0x0000000086e00000, 0x0000000086f00000, 0x0000000086f00000|100%|HC|  |TAMS 0x0000000086f00000, 0x0000000086f00000| Complete 
|  79|0x0000000086f00000, 0x0000000087000000, 0x0000000087000000|100%|HC|  |TAMS 0x0000000087000000, 0x0000000087000000| Complete 
|  80|0x0000000087000000, 0x0000000087100000, 0x0000000087100000|100%|HS|  |TAMS 0x0000000087100000, 0x0000000087100000| Complete 
|  81|0x0000000087100000, 0x0000000087200000, 0x0000000087200000|100%|HC|  |TAMS 0x0000000087200000, 0x0000000087200000| Complete 
|  82|0x0000000087200000, 0x0000000087300000, 0x0000000087300000|100%|HC|  |TAMS 0x0000000087300000, 0x0000000087300000| Complete 
|  83|0x0000000087300000, 0x0000000087400000, 0x0000000087400000|100%|HC|  |TAMS 0x0000000087400000, 0x0000000087400000| Complete 
|  84|0x0000000087400000, 0x0000000087500000, 0x0000000087500000|100%|HC|  |TAMS 0x0000000087500000, 0x0000000087500000| Complete 
|  85|0x0000000087500000, 0x0000000087500000, 0x0000000087600000|  0%| F|  |TAMS 0x0000000087500000, 0x0000000087500000| Untracked 
|  86|0x0000000087600000, 0x0000000087600000, 0x0000000087700000|  0%| F|  |TAMS 0x0000000087600000, 0x0000000087600000| Untracked 
|  87|0x0000000087700000, 0x0000000087700000, 0x0000000087800000|  0%| F|  |TAMS 0x0000000087700000, 0x0000000087700000| Untracked 
|  88|0x0000000087800000, 0x0000000087800000, 0x0000000087900000|  0%| F|  |TAMS 0x0000000087800000, 0x0000000087800000| Untracked 
|  89|0x0000000087900000, 0x0000000087900000, 0x0000000087a00000|  0%| F|  |TAMS 0x0000000087900000, 0x0000000087900000| Untracked 
|  90|0x0000000087a00000, 0x0000000087b00000, 0x0000000087b00000|100%|HS|  |TAMS 0x0000000087a00000, 0x0000000087b00000| Complete 
|  91|0x0000000087b00000, 0x0000000087c00000, 0x0000000087c00000|100%|HC|  |TAMS 0x0000000087b00000, 0x0000000087c00000| Complete 
|  92|0x0000000087c00000, 0x0000000087d00000, 0x0000000087d00000|100%|HC|  |TAMS 0x0000000087c00000, 0x0000000087d00000| Complete 
|  93|0x0000000087d00000, 0x0000000087e00000, 0x0000000087e00000|100%|HC|  |TAMS 0x0000000087d00000, 0x0000000087e00000| Complete 
|  94|0x0000000087e00000, 0x0000000087f00000, 0x0000000087f00000|100%|HC|  |TAMS 0x0000000087e00000, 0x0000000087f00000| Complete 
|  95|0x0000000087f00000, 0x0000000088000000, 0x0000000088000000|100%|HC|  |TAMS 0x0000000087f00000, 0x0000000088000000| Complete 
|  96|0x0000000088000000, 0x0000000088100000, 0x0000000088100000|100%|HC|  |TAMS 0x0000000088000000, 0x0000000088100000| Complete 
|  97|0x0000000088100000, 0x0000000088200000, 0x0000000088200000|100%|HC|  |TAMS 0x0000000088100000, 0x0000000088200000| Complete 
|  98|0x0000000088200000, 0x0000000088300000, 0x0000000088300000|100%| O|  |TAMS 0x0000000088200000, 0x0000000088300000| Untracked 
|  99|0x0000000088300000, 0x00000000883cea00, 0x0000000088400000| 80%| O|  |TAMS 0x0000000088300000, 0x00000000883cea00| Untracked 
| 100|0x0000000088400000, 0x00000000884e9aa0, 0x0000000088500000| 91%| S|CS|TAMS 0x0000000088400000, 0x0000000088400000| Complete 
| 101|0x0000000088500000, 0x0000000088600000, 0x0000000088600000|100%| S|CS|TAMS 0x0000000088500000, 0x0000000088500000| Complete 
| 102|0x0000000088600000, 0x0000000088700000, 0x0000000088700000|100%| S|CS|TAMS 0x0000000088600000, 0x0000000088600000| Complete 
| 103|0x0000000088700000, 0x0000000088800000, 0x0000000088800000|100%| S|CS|TAMS 0x0000000088700000, 0x0000000088700000| Complete 
| 104|0x0000000088800000, 0x0000000088800000, 0x0000000088900000|  0%| F|  |TAMS 0x0000000088800000, 0x0000000088800000| Untracked 
| 105|0x0000000088900000, 0x0000000088900000, 0x0000000088a00000|  0%| F|  |TAMS 0x0000000088900000, 0x0000000088900000| Untracked 
| 106|0x0000000088a00000, 0x0000000088a00000, 0x0000000088b00000|  0%| F|  |TAMS 0x0000000088a00000, 0x0000000088a00000| Untracked 
| 107|0x0000000088b00000, 0x0000000088b00000, 0x0000000088c00000|  0%| F|  |TAMS 0x0000000088b00000, 0x0000000088b00000| Untracked 
| 108|0x0000000088c00000, 0x0000000088c00000, 0x0000000088d00000|  0%| F|  |TAMS 0x0000000088c00000, 0x0000000088c00000| Untracked 
| 109|0x0000000088d00000, 0x0000000088d00000, 0x0000000088e00000|  0%| F|  |TAMS 0x0000000088d00000, 0x0000000088d00000| Untracked 
| 110|0x0000000088e00000, 0x0000000088e00000, 0x0000000088f00000|  0%| F|  |TAMS 0x0000000088e00000, 0x0000000088e00000| Untracked 
| 111|0x0000000088f00000, 0x0000000088f00000, 0x0000000089000000|  0%| F|  |TAMS 0x0000000088f00000, 0x0000000088f00000| Untracked 
| 112|0x0000000089000000, 0x0000000089000000, 0x0000000089100000|  0%| F|  |TAMS 0x0000000089000000, 0x0000000089000000| Untracked 
| 113|0x0000000089100000, 0x0000000089100000, 0x0000000089200000|  0%| F|  |TAMS 0x0000000089100000, 0x0000000089100000| Untracked 
| 114|0x0000000089200000, 0x0000000089200000, 0x0000000089300000|  0%| F|  |TAMS 0x0000000089200000, 0x0000000089200000| Untracked 
| 115|0x0000000089300000, 0x0000000089300000, 0x0000000089400000|  0%| F|  |TAMS 0x0000000089300000, 0x0000000089300000| Untracked 
| 116|0x0000000089400000, 0x0000000089400000, 0x0000000089500000|  0%| F|  |TAMS 0x0000000089400000, 0x0000000089400000| Untracked 
| 117|0x0000000089500000, 0x0000000089500000, 0x0000000089600000|  0%| F|  |TAMS 0x0000000089500000, 0x0000000089500000| Untracked 
| 118|0x0000000089600000, 0x0000000089600000, 0x0000000089700000|  0%| F|  |TAMS 0x0000000089600000, 0x0000000089600000| Untracked 
| 119|0x0000000089700000, 0x0000000089700000, 0x0000000089800000|  0%| F|  |TAMS 0x0000000089700000, 0x0000000089700000| Untracked 
| 120|0x0000000089800000, 0x0000000089800000, 0x0000000089900000|  0%| F|  |TAMS 0x0000000089800000, 0x0000000089800000| Untracked 
| 121|0x0000000089900000, 0x0000000089900000, 0x0000000089a00000|  0%| F|  |TAMS 0x0000000089900000, 0x0000000089900000| Untracked 
| 122|0x0000000089a00000, 0x0000000089a00000, 0x0000000089b00000|  0%| F|  |TAMS 0x0000000089a00000, 0x0000000089a00000| Untracked 
| 123|0x0000000089b00000, 0x0000000089b00000, 0x0000000089c00000|  0%| F|  |TAMS 0x0000000089b00000, 0x0000000089b00000| Untracked 
| 124|0x0000000089c00000, 0x0000000089c00000, 0x0000000089d00000|  0%| F|  |TAMS 0x0000000089c00000, 0x0000000089c00000| Untracked 
| 125|0x0000000089d00000, 0x0000000089d00000, 0x0000000089e00000|  0%| F|  |TAMS 0x0000000089d00000, 0x0000000089d00000| Untracked 
| 126|0x0000000089e00000, 0x0000000089e00000, 0x0000000089f00000|  0%| F|  |TAMS 0x0000000089e00000, 0x0000000089e00000| Untracked 
| 127|0x0000000089f00000, 0x0000000089f00000, 0x000000008a000000|  0%| F|  |TAMS 0x0000000089f00000, 0x0000000089f00000| Untracked 
| 128|0x000000008a000000, 0x000000008a000000, 0x000000008a100000|  0%| F|  |TAMS 0x000000008a000000, 0x000000008a000000| Untracked 
| 129|0x000000008a100000, 0x000000008a100000, 0x000000008a200000|  0%| F|  |TAMS 0x000000008a100000, 0x000000008a100000| Untracked 
| 130|0x000000008a200000, 0x000000008a200000, 0x000000008a300000|  0%| F|  |TAMS 0x000000008a200000, 0x000000008a200000| Untracked 
| 131|0x000000008a300000, 0x000000008a300000, 0x000000008a400000|  0%| F|  |TAMS 0x000000008a300000, 0x000000008a300000| Untracked 
| 132|0x000000008a400000, 0x000000008a400000, 0x000000008a500000|  0%| F|  |TAMS 0x000000008a400000, 0x000000008a400000| Untracked 
| 133|0x000000008a500000, 0x000000008a500000, 0x000000008a600000|  0%| F|  |TAMS 0x000000008a500000, 0x000000008a500000| Untracked 
| 134|0x000000008a600000, 0x000000008a600000, 0x000000008a700000|  0%| F|  |TAMS 0x000000008a600000, 0x000000008a600000| Untracked 
| 135|0x000000008a700000, 0x000000008a700000, 0x000000008a800000|  0%| F|  |TAMS 0x000000008a700000, 0x000000008a700000| Untracked 
| 136|0x000000008a800000, 0x000000008a800000, 0x000000008a900000|  0%| F|  |TAMS 0x000000008a800000, 0x000000008a800000| Untracked 
| 137|0x000000008a900000, 0x000000008a900000, 0x000000008aa00000|  0%| F|  |TAMS 0x000000008a900000, 0x000000008a900000| Untracked 
| 138|0x000000008aa00000, 0x000000008aa00000, 0x000000008ab00000|  0%| F|  |TAMS 0x000000008aa00000, 0x000000008aa00000| Untracked 
| 139|0x000000008ab00000, 0x000000008ab00000, 0x000000008ac00000|  0%| F|  |TAMS 0x000000008ab00000, 0x000000008ab00000| Untracked 
| 140|0x000000008ac00000, 0x000000008ac00000, 0x000000008ad00000|  0%| F|  |TAMS 0x000000008ac00000, 0x000000008ac00000| Untracked 
| 141|0x000000008ad00000, 0x000000008ad00000, 0x000000008ae00000|  0%| F|  |TAMS 0x000000008ad00000, 0x000000008ad00000| Untracked 
| 142|0x000000008ae00000, 0x000000008ae00000, 0x000000008af00000|  0%| F|  |TAMS 0x000000008ae00000, 0x000000008ae00000| Untracked 
| 143|0x000000008af00000, 0x000000008af00000, 0x000000008b000000|  0%| F|  |TAMS 0x000000008af00000, 0x000000008af00000| Untracked 
| 144|0x000000008b000000, 0x000000008b000000, 0x000000008b100000|  0%| F|  |TAMS 0x000000008b000000, 0x000000008b000000| Untracked 
| 145|0x000000008b100000, 0x000000008b100000, 0x000000008b200000|  0%| F|  |TAMS 0x000000008b100000, 0x000000008b100000| Untracked 
| 146|0x000000008b200000, 0x000000008b200000, 0x000000008b300000|  0%| F|  |TAMS 0x000000008b200000, 0x000000008b200000| Untracked 
| 147|0x000000008b300000, 0x000000008b300000, 0x000000008b400000|  0%| F|  |TAMS 0x000000008b300000, 0x000000008b300000| Untracked 
| 148|0x000000008b400000, 0x000000008b400000, 0x000000008b500000|  0%| F|  |TAMS 0x000000008b400000, 0x000000008b400000| Untracked 
| 149|0x000000008b500000, 0x000000008b500000, 0x000000008b600000|  0%| F|  |TAMS 0x000000008b500000, 0x000000008b500000| Untracked 
| 150|0x000000008b600000, 0x000000008b600000, 0x000000008b700000|  0%| F|  |TAMS 0x000000008b600000, 0x000000008b600000| Untracked 
| 151|0x000000008b700000, 0x000000008b700000, 0x000000008b800000|  0%| F|  |TAMS 0x000000008b700000, 0x000000008b700000| Untracked 
| 152|0x000000008b800000, 0x000000008b800000, 0x000000008b900000|  0%| F|  |TAMS 0x000000008b800000, 0x000000008b800000| Untracked 
| 153|0x000000008b900000, 0x000000008b900000, 0x000000008ba00000|  0%| F|  |TAMS 0x000000008b900000, 0x000000008b900000| Untracked 
| 154|0x000000008ba00000, 0x000000008ba00000, 0x000000008bb00000|  0%| F|  |TAMS 0x000000008ba00000, 0x000000008ba00000| Untracked 
| 155|0x000000008bb00000, 0x000000008bb00000, 0x000000008bc00000|  0%| F|  |TAMS 0x000000008bb00000, 0x000000008bb00000| Untracked 
| 156|0x000000008bc00000, 0x000000008bc00000, 0x000000008bd00000|  0%| F|  |TAMS 0x000000008bc00000, 0x000000008bc00000| Untracked 
| 157|0x000000008bd00000, 0x000000008bd00000, 0x000000008be00000|  0%| F|  |TAMS 0x000000008bd00000, 0x000000008bd00000| Untracked 
| 158|0x000000008be00000, 0x000000008be00000, 0x000000008bf00000|  0%| F|  |TAMS 0x000000008be00000, 0x000000008be00000| Untracked 
| 159|0x000000008bf00000, 0x000000008bf00000, 0x000000008c000000|  0%| F|  |TAMS 0x000000008bf00000, 0x000000008bf00000| Untracked 
| 160|0x000000008c000000, 0x000000008c000000, 0x000000008c100000|  0%| F|  |TAMS 0x000000008c000000, 0x000000008c000000| Untracked 
| 161|0x000000008c100000, 0x000000008c100000, 0x000000008c200000|  0%| F|  |TAMS 0x000000008c100000, 0x000000008c100000| Untracked 
| 162|0x000000008c200000, 0x000000008c200000, 0x000000008c300000|  0%| F|  |TAMS 0x000000008c200000, 0x000000008c200000| Untracked 
| 163|0x000000008c300000, 0x000000008c300000, 0x000000008c400000|  0%| F|  |TAMS 0x000000008c300000, 0x000000008c300000| Untracked 
| 164|0x000000008c400000, 0x000000008c400000, 0x000000008c500000|  0%| F|  |TAMS 0x000000008c400000, 0x000000008c400000| Untracked 
| 165|0x000000008c500000, 0x000000008c500000, 0x000000008c600000|  0%| F|  |TAMS 0x000000008c500000, 0x000000008c500000| Untracked 

Card table byte_map: [0x0000023331590000,0x0000023331980000] _byte_map_base: 0x0000023331180000

Marking Bits (Prev, Next): (CMBitMap*) 0x000002331a30bce0, (CMBitMap*) 0x000002331a30bd20
 Prev Bits: [0x0000023331d70000, 0x0000023333cf0000)
 Next Bits: [0x0000023333cf0000, 0x0000023335c70000)

Polling page: 0x0000023318230000

Metaspace:

Usage:
  Non-class:     27.73 MB used.
      Class:      2.97 MB used.
       Both:     30.70 MB used.

Virtual space:
  Non-class space:       64.00 MB reserved,      27.88 MB ( 44%) committed,  1 nodes.
      Class space:        1.00 GB reserved,       3.13 MB ( <1%) committed,  1 nodes.
             Both:        1.06 GB reserved,      31.00 MB (  3%) committed. 

Chunk freelists:
   Non-Class:  3.94 MB
       Class:  737.00 KB
        Both:  4.66 MB

MaxMetaspaceSize: unlimited
CompressedClassSpaceSize: 1.00 GB
Initial GC threshold: 21.00 MB
Current GC threshold: 51.56 MB
CDS: on
MetaspaceReclaimPolicy: balanced
 - commit_granule_bytes: 65536.
 - commit_granule_words: 8192.
 - virtual_space_node_default_size: 8388608.
 - enlarge_chunks_in_place: 1.
 - new_chunks_are_fully_committed: 0.
 - uncommit_free_chunks: 1.
 - use_allocation_guard: 0.


Internal statistics:

num_allocs_failed_limit: 3.
num_arena_births: 332.
num_arena_deaths: 96.
num_vsnodes_births: 2.
num_vsnodes_deaths: 0.
num_space_committed: 496.
num_space_uncommitted: 0.
num_chunks_returned_to_freelist: 103.
num_chunks_taken_from_freelist: 913.
num_chunk_merges: 34.
num_chunk_splits: 521.
num_chunks_enlarged: 334.
num_inconsistent_stats: 0.

CodeHeap 'non-profiled nmethods': size=120000Kb used=7552Kb max_used=7926Kb free=112447Kb
 bounds [0x0000023329940000, 0x000002332a100000, 0x0000023330e70000]
CodeHeap 'profiled nmethods': size=120000Kb used=16592Kb max_used=18877Kb free=103407Kb
 bounds [0x0000023322410000, 0x0000023323690000, 0x0000023329940000]
CodeHeap 'non-nmethods': size=5760Kb used=1522Kb max_used=1594Kb free=4238Kb
 bounds [0x0000023321e70000, 0x00000233220e0000, 0x0000023322410000]
 total_blobs=9411 nmethods=8522 adapters=798
 compilation: enabled
              stopped_count=0, restarted_count=0
 full_count=0

Compilation events (20 events):
Event: 4473.967 Thread 0x0000023338681dc0 nmethod 10751 0x0000023322488e10 code [0x0000023322488fe0, 0x00000233224893e8]
Event: 4473.967 Thread 0x0000023338681dc0 10752       3       javax.swing.AncestorNotifier::addAncestorListener (11 bytes)
Event: 4473.967 Thread 0x0000023338681dc0 nmethod 10752 0x00000233228e5890 code [0x00000233228e5a40, 0x00000233228e5b88]
Event: 4473.967 Thread 0x0000023338681dc0 10753   !   3       javax.swing.JComboBox::updateUI (59 bytes)
Event: 4473.968 Thread 0x0000023338681dc0 nmethod 10753 0x00000233224bc490 code [0x00000233224bc6c0, 0x00000233224bcf58]
Event: 4473.968 Thread 0x0000023338681dc0 10754       3       javax.swing.plaf.basic.BasicComboBoxEditor::<init> (13 bytes)
Event: 4473.968 Thread 0x0000023338681dc0 nmethod 10754 0x00000233224ecc10 code [0x00000233224ecdc0, 0x00000233224ed048]
Event: 4473.968 Thread 0x0000023338681dc0 10749       3       java.util.ArrayList::add (65 bytes)
Event: 4473.969 Thread 0x0000023338681dc0 nmethod 10749 0x0000023322447490 code [0x00000233224476a0, 0x0000023322447d58]
Event: 4473.974 Thread 0x00000233402eb870 nmethod 10742 0x0000023329dfc210 code [0x0000023329dfc440, 0x0000023329dfd730]
Event: 4473.991 Thread 0x00000233402eb870 10755       4       com.mysql.cj.protocol.a.MysqlTextValueDecoder::decodeUInt8 (46 bytes)
Event: 4473.998 Thread 0x000002333867dfd0 10756       4       sun.security.ssl.SignatureScheme::getPreferableAlgorithm (84 bytes)
Event: 4474.009 Thread 0x00000233402eb870 nmethod 10755 0x0000023329f35e10 code [0x0000023329f35fe0, 0x0000023329f36e58]
Event: 4474.010 Thread 0x0000023338681dc0 10757       3       javax.swing.table.DefaultTableColumnModel::addColumn (51 bytes)
Event: 4474.011 Thread 0x0000023338681dc0 nmethod 10757 0x0000023322aeb990 code [0x0000023322aebc20, 0x0000023322aecac8]
Event: 4474.023 Thread 0x000002333867dfd0 nmethod 10756 0x0000023329e3b290 code [0x0000023329e3b4c0, 0x0000023329e3c8f0]
Event: 4474.135 Thread 0x000002333867dfd0 10758       4       java.math.MutableBigInteger::toIntArray (39 bytes)
Event: 4474.138 Thread 0x000002333867dfd0 nmethod 10758 0x0000023329d2f190 code [0x0000023329d2f320, 0x0000023329d2f638]
Event: 4474.140 Thread 0x0000023338681dc0 10759       1       DTO.ProductDTO::getProductName (5 bytes)
Event: 4474.140 Thread 0x0000023338681dc0 nmethod 10759 0x0000023329c0cb10 code [0x0000023329c0cca0, 0x0000023329c0cd78]

GC Heap History (20 events):
Event: 4095.833 GC heap after
{Heap after GC invocations=38 (full 0):
 garbage-first heap   total 140288K, used 68324K [0x0000000082000000, 0x0000000100000000)
  region size 1024K, 6 young (6144K), 6 survivors (6144K)
 Metaspace       used 31135K, committed 31424K, reserved 1114112K
  class space    used 3041K, committed 3200K, reserved 1048576K
}
Event: 4096.180 GC heap before
{Heap before GC invocations=39 (full 0):
 garbage-first heap   total 140288K, used 108260K [0x0000000082000000, 0x0000000100000000)
  region size 1024K, 53 young (54272K), 6 survivors (6144K)
 Metaspace       used 31166K, committed 31488K, reserved 1114112K
  class space    used 3041K, committed 3200K, reserved 1048576K
}
Event: 4096.187 GC heap after
{Heap after GC invocations=40 (full 0):
 garbage-first heap   total 140288K, used 62104K [0x0000000082000000, 0x0000000100000000)
  region size 1024K, 6 young (6144K), 6 survivors (6144K)
 Metaspace       used 31166K, committed 31488K, reserved 1114112K
  class space    used 3041K, committed 3200K, reserved 1048576K
}
Event: 4096.188 GC heap before
{Heap before GC invocations=40 (full 0):
 garbage-first heap   total 140288K, used 63128K [0x0000000082000000, 0x0000000100000000)
  region size 1024K, 7 young (7168K), 6 survivors (6144K)
 Metaspace       used 31166K, committed 31488K, reserved 1114112K
  class space    used 3041K, committed 3200K, reserved 1048576K
}
Event: 4096.198 GC heap after
{Heap after GC invocations=41 (full 0):
 garbage-first heap   total 168960K, used 60910K [0x0000000082000000, 0x0000000100000000)
  region size 1024K, 1 young (1024K), 1 survivors (1024K)
 Metaspace       used 31166K, committed 31488K, reserved 1114112K
  class space    used 3041K, committed 3200K, reserved 1048576K
}
Event: 4096.799 GC heap before
{Heap before GC invocations=41 (full 0):
 garbage-first heap   total 168960K, used 137710K [0x0000000082000000, 0x0000000100000000)
  region size 1024K, 67 young (68608K), 1 survivors (1024K)
 Metaspace       used 31207K, committed 31488K, reserved 1114112K
  class space    used 3041K, committed 3200K, reserved 1048576K
}
Event: 4096.802 GC heap after
{Heap after GC invocations=42 (full 0):
 garbage-first heap   total 168960K, used 75260K [0x0000000082000000, 0x0000000100000000)
  region size 1024K, 4 young (4096K), 4 survivors (4096K)
 Metaspace       used 31207K, committed 31488K, reserved 1114112K
  class space    used 3041K, committed 3200K, reserved 1048576K
}
Event: 4096.828 GC heap before
{Heap before GC invocations=42 (full 0):
 garbage-first heap   total 168960K, used 83452K [0x0000000082000000, 0x0000000100000000)
  region size 1024K, 5 young (5120K), 4 survivors (4096K)
 Metaspace       used 31207K, committed 31488K, reserved 1114112K
  class space    used 3041K, committed 3200K, reserved 1048576K
}
Event: 4096.833 GC heap after
{Heap after GC invocations=43 (full 0):
 garbage-first heap   total 168960K, used 82750K [0x0000000082000000, 0x0000000100000000)
  region size 1024K, 3 young (3072K), 3 survivors (3072K)
 Metaspace       used 31207K, committed 31488K, reserved 1114112K
  class space    used 3041K, committed 3200K, reserved 1048576K
}
Event: 4413.944 GC heap before
{Heap before GC invocations=44 (full 0):
 garbage-first heap   total 168960K, used 140094K [0x0000000082000000, 0x0000000100000000)
  region size 1024K, 62 young (63488K), 3 survivors (3072K)
 Metaspace       used 31338K, committed 31616K, reserved 1114112K
  class space    used 3041K, committed 3200K, reserved 1048576K
}
Event: 4413.995 GC heap after
{Heap after GC invocations=45 (full 0):
 garbage-first heap   total 168960K, used 74203K [0x0000000082000000, 0x0000000100000000)
  region size 1024K, 5 young (5120K), 5 survivors (5120K)
 Metaspace       used 31338K, committed 31616K, reserved 1114112K
  class space    used 3041K, committed 3200K, reserved 1048576K
}
Event: 4414.025 GC heap before
{Heap before GC invocations=45 (full 0):
 garbage-first heap   total 168960K, used 77275K [0x0000000082000000, 0x0000000100000000)
  region size 1024K, 8 young (8192K), 5 survivors (5120K)
 Metaspace       used 31338K, committed 31616K, reserved 1114112K
  class space    used 3041K, committed 3200K, reserved 1048576K
}
Event: 4414.047 GC heap after
{Heap after GC invocations=46 (full 0):
 garbage-first heap   total 168960K, used 68774K [0x0000000082000000, 0x0000000100000000)
  region size 1024K, 1 young (1024K), 1 survivors (1024K)
 Metaspace       used 31338K, committed 31616K, reserved 1114112K
  class space    used 3041K, committed 3200K, reserved 1048576K
}
Event: 4414.096 GC heap before
{Heap before GC invocations=46 (full 0):
 garbage-first heap   total 168960K, used 70822K [0x0000000082000000, 0x0000000100000000)
  region size 1024K, 4 young (4096K), 1 survivors (1024K)
 Metaspace       used 31347K, committed 31616K, reserved 1114112K
  class space    used 3041K, committed 3200K, reserved 1048576K
}
Event: 4414.109 GC heap after
{Heap after GC invocations=47 (full 0):
 garbage-first heap   total 168960K, used 68679K [0x0000000082000000, 0x0000000100000000)
  region size 1024K, 1 young (1024K), 1 survivors (1024K)
 Metaspace       used 31347K, committed 31616K, reserved 1114112K
  class space    used 3041K, committed 3200K, reserved 1048576K
}
Event: 4473.604 GC heap before
{Heap before GC invocations=48 (full 0):
 garbage-first heap   total 168960K, used 164935K [0x0000000082000000, 0x0000000100000000)
  region size 1024K, 69 young (70656K), 1 survivors (1024K)
 Metaspace       used 31406K, committed 31680K, reserved 1114112K
  class space    used 3041K, committed 3200K, reserved 1048576K
}
Event: 4473.623 GC heap after
{Heap after GC invocations=49 (full 0):
 garbage-first heap   total 169984K, used 98523K [0x0000000082000000, 0x0000000100000000)
  region size 1024K, 4 young (4096K), 4 survivors (4096K)
 Metaspace       used 31406K, committed 31680K, reserved 1114112K
  class space    used 3041K, committed 3200K, reserved 1048576K
}
Event: 4473.661 GC heap before
{Heap before GC invocations=49 (full 0):
 garbage-first heap   total 169984K, used 102619K [0x0000000082000000, 0x0000000100000000)
  region size 1024K, 8 young (8192K), 4 survivors (4096K)
 Metaspace       used 31407K, committed 31680K, reserved 1114112K
  class space    used 3041K, committed 3200K, reserved 1048576K
}
Event: 4473.668 GC heap after
{Heap after GC invocations=50 (full 0):
 garbage-first heap   total 169984K, used 78250K [0x0000000082000000, 0x0000000100000000)
  region size 1024K, 1 young (1024K), 1 survivors (1024K)
 Metaspace       used 31407K, committed 31680K, reserved 1114112K
  class space    used 3041K, committed 3200K, reserved 1048576K
}
Event: 4474.142 GC heap before
{Heap before GC invocations=50 (full 0):
 garbage-first heap   total 169984K, used 139690K [0x0000000082000000, 0x0000000100000000)
  region size 1024K, 62 young (63488K), 1 survivors (1024K)
 Metaspace       used 31433K, committed 31744K, reserved 1114112K
  class space    used 3041K, committed 3200K, reserved 1048576K
}

Deoptimization events (20 events):
Event: 4461.559 Thread 0x000002333d5003b0 DEOPT PACKING pc=0x0000023329f1c33c sp=0x0000003ef73fdcf0
Event: 4461.560 Thread 0x000002333d5003b0 DEOPT UNPACKING pc=0x0000023321ec23a3 sp=0x0000003ef73fdcc8 mode 2
Event: 4466.664 Thread 0x000002333d5003b0 Uncommon trap: trap_request=0xffffffd6 fr.pc=0x000002332a0b0208 relative=0x0000000000003b28
Event: 4466.664 Thread 0x000002333d5003b0 Uncommon trap: reason=array_check action=maybe_recompile pc=0x000002332a0b0208 method=java.util.stream.Nodes$FixedNodeBuilder.accept(Ljava/lang/Object;)V @ 28 c2
Event: 4466.664 Thread 0x000002333d5003b0 DEOPT PACKING pc=0x000002332a0b0208 sp=0x0000003ef73fd130
Event: 4466.664 Thread 0x000002333d5003b0 DEOPT UNPACKING pc=0x0000023321ec23a3 sp=0x0000003ef73fd0b0 mode 2
Event: 4466.760 Thread 0x000002333d5003b0 DEOPT PACKING pc=0x0000023322e8fa22 sp=0x0000003ef73fcfc0
Event: 4466.760 Thread 0x000002333d5003b0 DEOPT UNPACKING pc=0x0000023321ec2b43 sp=0x0000003ef73fc4b8 mode 0
Event: 4466.984 Thread 0x000002333d5003b0 Uncommon trap: trap_request=0xffffffcc fr.pc=0x000002332a0d62fc relative=0x00000000000005dc
Event: 4466.984 Thread 0x000002333d5003b0 Uncommon trap: reason=intrinsic_or_type_checked_inlining action=make_not_entrant pc=0x000002332a0d62fc method=javax.swing.text.AbstractDocument$BranchElement.replace(II[Ljavax/swing/text/Element;)V @ 87 c2
Event: 4466.984 Thread 0x000002333d5003b0 DEOPT PACKING pc=0x000002332a0d62fc sp=0x0000003ef73fd7e0
Event: 4466.984 Thread 0x000002333d5003b0 DEOPT UNPACKING pc=0x0000023321ec23a3 sp=0x0000003ef73fd760 mode 2
Event: 4469.824 Thread 0x000002333d5003b0 Uncommon trap: trap_request=0xffffffc6 fr.pc=0x0000023329f1c33c relative=0x00000000000006dc
Event: 4469.824 Thread 0x000002333d5003b0 Uncommon trap: reason=bimorphic_or_optimized_type_check action=maybe_recompile pc=0x0000023329f1c33c method=sun.awt.windows.WComponentPeer.handleEvent(Ljava/awt/AWTEvent;)V @ 29 c2
Event: 4469.824 Thread 0x000002333d5003b0 DEOPT PACKING pc=0x0000023329f1c33c sp=0x0000003ef73fdcf0
Event: 4469.824 Thread 0x000002333d5003b0 DEOPT UNPACKING pc=0x0000023321ec23a3 sp=0x0000003ef73fdcc8 mode 2
Event: 4473.733 Thread 0x000002333d5003b0 DEOPT PACKING pc=0x0000023322ee42b8 sp=0x0000003ef73fcca0
Event: 4473.734 Thread 0x000002333d5003b0 DEOPT UNPACKING pc=0x0000023321ec2b43 sp=0x0000003ef73fc198 mode 0
Event: 4474.135 Thread 0x000002333d5003b0 DEOPT PACKING pc=0x0000023322f071e7 sp=0x0000003ef73fc880
Event: 4474.135 Thread 0x000002333d5003b0 DEOPT UNPACKING pc=0x0000023321ec2b43 sp=0x0000003ef73fbd20 mode 0

Classes loaded (20 events):
Event: 4089.218 Loading class javax/swing/event/MenuListener
Event: 4089.226 Loading class javax/swing/event/MenuListener done
Event: 4089.265 Loading class javax/swing/plaf/basic/BasicPopupMenuUI$Actions
Event: 4089.280 Loading class javax/swing/plaf/basic/BasicPopupMenuUI$Actions done
Event: 4089.282 Loading class javax/swing/plaf/basic/BasicPopupMenuUI$MouseGrabber$1
Event: 4089.284 Loading class javax/swing/plaf/basic/BasicPopupMenuUI$MouseGrabber$1 done
Event: 4089.338 Loading class javax/swing/event/PopupMenuEvent
Event: 4089.340 Loading class javax/swing/event/PopupMenuEvent done
Event: 4089.375 Loading class sun/awt/UngrabEvent
Event: 4089.376 Loading class sun/awt/UngrabEvent done
Event: 4089.380 Loading class javax/swing/event/MenuDragMouseEvent
Event: 4089.381 Loading class javax/swing/event/MenuDragMouseEvent done
Event: 4089.789 Loading class sun/swing/MenuItemLayoutHelper$LayoutResult
Event: 4089.791 Loading class sun/swing/MenuItemLayoutHelper$LayoutResult done
Event: 4089.795 Loading class javax/swing/plaf/basic/BasicMenuItemUI$Actions
Event: 4089.796 Loading class javax/swing/plaf/basic/BasicMenuItemUI$Actions done
Event: 4089.796 Loading class javax/swing/JCheckBoxMenuItem
Event: 4089.801 Loading class javax/swing/JCheckBoxMenuItem done
Event: 4089.827 Loading class javax/swing/JRadioButtonMenuItem
Event: 4089.828 Loading class javax/swing/JRadioButtonMenuItem done

Classes unloaded (20 events):
Event: 2317.217 Thread 0x000002331a325a60 Unloading class 0x0000000800c0b800 'java/lang/invoke/LambdaForm$MH+0x0000000800c0b800'
Event: 2317.217 Thread 0x000002331a325a60 Unloading class 0x0000000800c0b400 'java/lang/invoke/LambdaForm$MH+0x0000000800c0b400'
Event: 2317.217 Thread 0x000002331a325a60 Unloading class 0x0000000800c0b000 'java/lang/invoke/LambdaForm$MH+0x0000000800c0b000'
Event: 2317.217 Thread 0x000002331a325a60 Unloading class 0x0000000800c0ac00 'java/lang/invoke/LambdaForm$MH+0x0000000800c0ac00'
Event: 2317.217 Thread 0x000002331a325a60 Unloading class 0x0000000800c0a400 'java/lang/invoke/LambdaForm$MH+0x0000000800c0a400'
Event: 2317.217 Thread 0x000002331a325a60 Unloading class 0x0000000800c09c00 'java/lang/invoke/LambdaForm$MH+0x0000000800c09c00'
Event: 2317.217 Thread 0x000002331a325a60 Unloading class 0x0000000800c09800 'java/lang/invoke/LambdaForm$MH+0x0000000800c09800'
Event: 2317.217 Thread 0x000002331a325a60 Unloading class 0x0000000800c09000 'java/lang/invoke/LambdaForm$MH+0x0000000800c09000'
Event: 2317.217 Thread 0x000002331a325a60 Unloading class 0x0000000800c08c00 'java/lang/invoke/LambdaForm$MH+0x0000000800c08c00'
Event: 2317.217 Thread 0x000002331a325a60 Unloading class 0x0000000800c08400 'java/lang/invoke/LambdaForm$MH+0x0000000800c08400'
Event: 2317.217 Thread 0x000002331a325a60 Unloading class 0x0000000800c05800 'java/lang/invoke/LambdaForm$MH+0x0000000800c05800'
Event: 2317.217 Thread 0x000002331a325a60 Unloading class 0x0000000800c05400 'java/lang/invoke/LambdaForm$MH+0x0000000800c05400'
Event: 2317.218 Thread 0x000002331a325a60 Unloading class 0x0000000800c05000 'java/lang/invoke/LambdaForm$MH+0x0000000800c05000'
Event: 2317.218 Thread 0x000002331a325a60 Unloading class 0x0000000800c04c00 'java/lang/invoke/LambdaForm$MH+0x0000000800c04c00'
Event: 2317.218 Thread 0x000002331a325a60 Unloading class 0x0000000800c04400 'java/lang/invoke/LambdaForm$MH+0x0000000800c04400'
Event: 2317.218 Thread 0x000002331a325a60 Unloading class 0x0000000800c02400 'java/lang/invoke/LambdaForm$MH+0x0000000800c02400'
Event: 2317.218 Thread 0x000002331a325a60 Unloading class 0x0000000800c02000 'java/lang/invoke/LambdaForm$MH+0x0000000800c02000'
Event: 2317.218 Thread 0x000002331a325a60 Unloading class 0x0000000800c01c00 'java/lang/invoke/LambdaForm$MH+0x0000000800c01c00'
Event: 2317.218 Thread 0x000002331a325a60 Unloading class 0x0000000800c01400 'java/lang/invoke/LambdaForm$MH+0x0000000800c01400'
Event: 2317.218 Thread 0x000002331a325a60 Unloading class 0x0000000800c00400 'java/lang/invoke/LambdaForm$MH+0x0000000800c00400'

Classes redefined (0 events):
No events

Internal exceptions (20 events):
Event: 4473.786 Thread 0x000002333d5003b0 Implicit null exception at 0x00000233230e1d3f to 0x00000233230e48fa
Event: 4473.786 Thread 0x000002333d5003b0 Exception <a 'java/lang/NullPointerException'{0x000000008b58cea0}> (0x000000008b58cea0) 
thrown [s\src\hotspot\share\runtime\sharedRuntime.cpp, line 625]
Event: 4473.791 Thread 0x000002333d5003b0 Implicit null exception at 0x00000233230e1d3f to 0x00000233230e48fa
Event: 4473.791 Thread 0x000002333d5003b0 Exception <a 'java/lang/NullPointerException'{0x000000008b4939a8}> (0x000000008b4939a8) 
thrown [s\src\hotspot\share\runtime\sharedRuntime.cpp, line 625]
Event: 4473.791 Thread 0x000002333d5003b0 Implicit null exception at 0x00000233230e1d3f to 0x00000233230e48fa
Event: 4473.791 Thread 0x000002333d5003b0 Exception <a 'java/lang/NullPointerException'{0x000000008b499ea0}> (0x000000008b499ea0) 
thrown [s\src\hotspot\share\runtime\sharedRuntime.cpp, line 625]
Event: 4473.797 Thread 0x000002333d5003b0 Implicit null exception at 0x00000233230e1d3f to 0x00000233230e48fa
Event: 4473.797 Thread 0x000002333d5003b0 Exception <a 'java/lang/NullPointerException'{0x000000008b3a0770}> (0x000000008b3a0770) 
thrown [s\src\hotspot\share\runtime\sharedRuntime.cpp, line 625]
Event: 4473.915 Thread 0x000002333d5003b0 Implicit null exception at 0x00000233230e1d3f to 0x00000233230e48fa
Event: 4473.915 Thread 0x000002333d5003b0 Exception <a 'java/lang/NullPointerException'{0x000000008a3198a0}> (0x000000008a3198a0) 
thrown [s\src\hotspot\share\runtime\sharedRuntime.cpp, line 625]
Event: 4473.921 Thread 0x000002333d5003b0 Implicit null exception at 0x00000233230e1d3f to 0x00000233230e48fa
Event: 4473.921 Thread 0x000002333d5003b0 Exception <a 'java/lang/NullPointerException'{0x000000008a2200f0}> (0x000000008a2200f0) 
thrown [s\src\hotspot\share\runtime\sharedRuntime.cpp, line 625]
Event: 4473.921 Thread 0x000002333d5003b0 Implicit null exception at 0x00000233230e1d3f to 0x00000233230e48fa
Event: 4473.921 Thread 0x000002333d5003b0 Exception <a 'java/lang/NullPointerException'{0x000000008a226850}> (0x000000008a226850) 
thrown [s\src\hotspot\share\runtime\sharedRuntime.cpp, line 625]
Event: 4473.929 Thread 0x000002333d5003b0 Implicit null exception at 0x00000233230e1d3f to 0x00000233230e48fa
Event: 4473.929 Thread 0x000002333d5003b0 Exception <a 'java/lang/NullPointerException'{0x000000008a12d1f8}> (0x000000008a12d1f8) 
thrown [s\src\hotspot\share\runtime\sharedRuntime.cpp, line 625]
Event: 4473.944 Thread 0x000002333d5003b0 Implicit null exception at 0x00000233230e1d3f to 0x00000233230e48fa
Event: 4473.944 Thread 0x000002333d5003b0 Exception <a 'java/lang/NullPointerException'{0x000000008a094cb8}> (0x000000008a094cb8) 
thrown [s\src\hotspot\share\runtime\sharedRuntime.cpp, line 625]
Event: 4473.948 Thread 0x000002333d5003b0 Implicit null exception at 0x00000233230e1d3f to 0x00000233230e48fa
Event: 4473.948 Thread 0x000002333d5003b0 Exception <a 'java/lang/NullPointerException'{0x0000000089f9b4e0}> (0x0000000089f9b4e0) 
thrown [s\src\hotspot\share\runtime\sharedRuntime.cpp, line 625]

VM Operations (20 events):
Event: 4464.650 Executing VM operation: Cleanup done
Event: 4465.651 Executing VM operation: Cleanup
Event: 4465.651 Executing VM operation: Cleanup done
Event: 4466.651 Executing VM operation: Cleanup
Event: 4466.652 Executing VM operation: Cleanup done
Event: 4467.652 Executing VM operation: Cleanup
Event: 4467.652 Executing VM operation: Cleanup done
Event: 4470.653 Executing VM operation: Cleanup
Event: 4470.654 Executing VM operation: Cleanup done
Event: 4470.786 Executing VM operation: HandshakeAllThreads
Event: 4470.788 Executing VM operation: HandshakeAllThreads done
Event: 4473.601 Executing VM operation: G1CollectForAllocation
Event: 4473.623 Executing VM operation: G1CollectForAllocation done
Event: 4473.661 Executing VM operation: G1CollectForAllocation
Event: 4473.668 Executing VM operation: G1CollectForAllocation done
Event: 4473.759 Executing VM operation: HandshakeAllThreads
Event: 4473.763 Executing VM operation: HandshakeAllThreads done
Event: 4473.790 Executing VM operation: HandshakeAllThreads
Event: 4473.790 Executing VM operation: HandshakeAllThreads done
Event: 4474.141 Executing VM operation: G1CollectForAllocation

Events (20 events):
Event: 4473.802 Thread 0x000002333868e6e0 flushing nmethod 0x00000233230bbe10
Event: 4473.802 Thread 0x000002333868e6e0 flushing nmethod 0x00000233230c6290
Event: 4473.802 Thread 0x000002333868e6e0 flushing nmethod 0x00000233230daf90
Event: 4473.803 Thread 0x000002333868e6e0 flushing nmethod 0x00000233231fb990
Event: 4473.803 Thread 0x000002333868e6e0 flushing nmethod 0x0000023323205810
Event: 4473.803 Thread 0x000002333868e6e0 flushing nmethod 0x00000233232afe10
Event: 4473.803 Thread 0x000002333868e6e0 flushing nmethod 0x00000233232d7d90
Event: 4473.803 Thread 0x000002333868e6e0 flushing nmethod 0x00000233232e5b10
Event: 4473.804 Thread 0x000002333868e6e0 flushing nmethod 0x000002332343cc10
Event: 4473.804 Thread 0x000002333868e6e0 flushing nmethod 0x0000023323456410
Event: 4473.804 Thread 0x000002333868e6e0 flushing nmethod 0x000002332345a290
Event: 4473.804 Thread 0x000002333868e6e0 flushing nmethod 0x0000023323473890
Event: 4473.804 Thread 0x000002333868e6e0 flushing nmethod 0x0000023323473d90
Event: 4473.804 Thread 0x000002333868e6e0 flushing nmethod 0x0000023323479e90
Event: 4473.804 Thread 0x000002333868e6e0 flushing nmethod 0x000002332348fa10
Event: 4473.804 Thread 0x000002333868e6e0 flushing nmethod 0x0000023323497010
Event: 4473.804 Thread 0x000002333868e6e0 flushing nmethod 0x00000233234a0590
Event: 4473.804 Thread 0x000002333868e6e0 flushing nmethod 0x00000233234aaa10
Event: 4473.807 Thread 0x0000023340ceeac0 Thread added: 0x0000023340ceeac0
Event: 4474.135 Thread 0x00000233402eb870 Thread exited: 0x00000233402eb870


Dynamic libraries:
0x00007ff7ef490000 - 0x00007ff7ef49d000 	C:\Users\Acer\.jdks\corretto-18.0.2\bin\java.exe
0x00007ffa2ebd0000 - 0x00007ffa2ede7000 	C:\WINDOWS\SYSTEM32\ntdll.dll
0x00007ffa2caf0000 - 0x00007ffa2cbb4000 	C:\WINDOWS\System32\KERNEL32.DLL
0x00007ffa2c420000 - 0x00007ffa2c7c5000 	C:\WINDOWS\System32\KERNELBASE.dll
0x00007ffa2bf40000 - 0x00007ffa2c051000 	C:\WINDOWS\System32\ucrtbase.dll
0x00007ffa21690000 - 0x00007ffa216a7000 	C:\Users\Acer\.jdks\corretto-18.0.2\bin\jli.dll
0x00007ffa14ab0000 - 0x00007ffa14ac5000 	C:\Users\Acer\.jdks\corretto-18.0.2\bin\VCRUNTIME140.dll
0x00007ffa08c70000 - 0x00007ffa08f03000 	C:\WINDOWS\WinSxS\amd64_microsoft.windows.common-controls_6595b64144ccf1df_6.0.22621.2506_none_270c5ae97388e100\COMCTL32.dll
0x00007ffa2cf00000 - 0x00007ffa2cfa7000 	C:\WINDOWS\System32\msvcrt.dll
0x00007ffa2ead0000 - 0x00007ffa2eaf9000 	C:\WINDOWS\System32\GDI32.dll
0x00007ffa2c7d0000 - 0x00007ffa2c7f6000 	C:\WINDOWS\System32\win32u.dll
0x00007ffa2c800000 - 0x00007ffa2c919000 	C:\WINDOWS\System32\gdi32full.dll
0x00007ffa2c310000 - 0x00007ffa2c3aa000 	C:\WINDOWS\System32\msvcp_win.dll
0x00007ffa2d4e0000 - 0x00007ffa2d68e000 	C:\WINDOWS\System32\USER32.dll
0x00007ffa2d790000 - 0x00007ffa2d7c1000 	C:\WINDOWS\System32\IMM32.DLL
0x00007ff9ed730000 - 0x00007ff9ed7cb000 	C:\Users\Acer\.jdks\corretto-18.0.2\bin\msvcp140.dll
0x00007ff97b920000 - 0x00007ff97c591000 	C:\Users\Acer\.jdks\corretto-18.0.2\bin\server\jvm.dll
0x00007ffa2d160000 - 0x00007ffa2d211000 	C:\WINDOWS\System32\ADVAPI32.dll
0x00007ffa2d090000 - 0x00007ffa2d136000 	C:\WINDOWS\System32\sechost.dll
0x00007ffa2e050000 - 0x00007ffa2e167000 	C:\WINDOWS\System32\RPCRT4.dll
0x00007ffa2cd70000 - 0x00007ffa2cd78000 	C:\WINDOWS\System32\PSAPI.DLL
0x00007ffa262b0000 - 0x00007ffa262b9000 	C:\WINDOWS\SYSTEM32\WSOCK32.dll
0x00007ffa2ce80000 - 0x00007ffa2cef1000 	C:\WINDOWS\System32\WS2_32.dll
0x00007ffa24160000 - 0x00007ffa24194000 	C:\WINDOWS\SYSTEM32\WINMM.dll
0x00007ffa24e90000 - 0x00007ffa24e9a000 	C:\WINDOWS\SYSTEM32\VERSION.dll
0x00007ffa2af90000 - 0x00007ffa2afa8000 	C:\WINDOWS\SYSTEM32\kernel.appcore.dll
0x00007ffa28720000 - 0x00007ffa2872a000 	C:\Users\Acer\.jdks\corretto-18.0.2\bin\jimage.dll
0x00007ffa29a50000 - 0x00007ffa29c83000 	C:\WINDOWS\SYSTEM32\DBGHELP.DLL
0x00007ffa2e740000 - 0x00007ffa2eac9000 	C:\WINDOWS\System32\combase.dll
0x00007ffa2cfb0000 - 0x00007ffa2d087000 	C:\WINDOWS\System32\OLEAUT32.dll
0x00007ffa1a5f0000 - 0x00007ffa1a622000 	C:\WINDOWS\SYSTEM32\dbgcore.DLL
0x00007ffa2c1d0000 - 0x00007ffa2c24a000 	C:\WINDOWS\System32\bcryptPrimitives.dll
0x00007ffa14aa0000 - 0x00007ffa14aae000 	C:\Users\Acer\.jdks\corretto-18.0.2\bin\instrument.dll
0x00007ffa0a070000 - 0x00007ffa0a095000 	C:\Users\Acer\.jdks\corretto-18.0.2\bin\java.dll
0x00007ff9d71b0000 - 0x00007ff9d7286000 	C:\Users\Acer\.jdks\corretto-18.0.2\bin\jsvml.dll
0x00007ffa2d7d0000 - 0x00007ffa2e029000 	C:\WINDOWS\System32\SHELL32.dll
0x00007ffa29e20000 - 0x00007ffa2a714000 	C:\WINDOWS\SYSTEM32\windows.storage.dll
0x00007ffa29ce0000 - 0x00007ffa29e1e000 	C:\WINDOWS\SYSTEM32\wintypes.dll
0x00007ffa2d690000 - 0x00007ffa2d783000 	C:\WINDOWS\System32\SHCORE.dll
0x00007ffa2d400000 - 0x00007ffa2d45e000 	C:\WINDOWS\System32\shlwapi.dll
0x00007ffa2be70000 - 0x00007ffa2be96000 	C:\WINDOWS\SYSTEM32\profapi.dll
0x00007ff9ffd00000 - 0x00007ff9ffd18000 	C:\Users\Acer\.jdks\corretto-18.0.2\bin\zip.dll
0x00007ffa09410000 - 0x00007ffa09423000 	C:\Users\Acer\.jdks\corretto-18.0.2\bin\net.dll
0x00007ffa245e0000 - 0x00007ffa24717000 	C:\WINDOWS\SYSTEM32\WINHTTP.dll
0x00007ffa2b470000 - 0x00007ffa2b4d9000 	C:\WINDOWS\system32\mswsock.dll
0x00007ff9ffd20000 - 0x00007ff9ffd35000 	C:\Users\Acer\.jdks\corretto-18.0.2\bin\nio.dll
0x00007ff9ff490000 - 0x00007ff9ff4aa000 	C:\Users\Acer\AppData\Local\JetBrains\IntelliJ IDEA Community Edition 2022.3.2\bin\breakgen64.dll
0x00007ff9d4c80000 - 0x00007ff9d4e27000 	C:\Users\Acer\.jdks\corretto-18.0.2\bin\awt.dll
0x00007ffa28e30000 - 0x00007ffa28ec7000 	C:\WINDOWS\SYSTEM32\apphelp.dll
0x00007ffa29000000 - 0x00007ffa290ab000 	C:\WINDOWS\system32\uxtheme.dll
0x00007ffa2e5f0000 - 0x00007ffa2e73f000 	C:\WINDOWS\System32\MSCTF.dll
0x00007ffa2cbc0000 - 0x00007ffa2cd60000 	C:\WINDOWS\System32\ole32.dll
0x00007ffa29340000 - 0x00007ffa2936b000 	C:\WINDOWS\system32\DWMAPI.DLL
0x00007ff9fc350000 - 0x00007ff9fc3d3000 	C:\Users\Acer\.jdks\corretto-18.0.2\bin\freetype.dll
0x00007ff9d7100000 - 0x00007ff9d71a5000 	C:\Users\Acer\.jdks\corretto-18.0.2\bin\fontmanager.dll
0x00007ff9faf50000 - 0x00007ff9fb050000 	C:\WINDOWS\system32\opengl32.dll
0x00007ffa03270000 - 0x00007ffa0329d000 	C:\WINDOWS\SYSTEM32\GLU32.dll
0x00007ffa291f0000 - 0x00007ffa29226000 	C:\WINDOWS\SYSTEM32\dxcore.dll
0x00007ffa0a060000 - 0x00007ffa0a066000 	C:\Users\Acer\AppData\Local\Temp\flatlaf.temp\flatlaf-windows-x86_64-2247257688518000.dll
0x00007ffa2cdd0000 - 0x00007ffa2ce80000 	C:\WINDOWS\System32\clbcatq.dll
0x00007ffa27750000 - 0x00007ffa27900000 	C:\WINDOWS\SYSTEM32\WindowsCodecs.dll
0x00007ff9f7e20000 - 0x00007ff9f7e7e000 	C:\WINDOWS\system32\dataexchange.dll
0x00007ffa23980000 - 0x00007ffa23c05000 	C:\WINDOWS\system32\twinapi.appcore.dll
0x00007ffa077a0000 - 0x00007ffa077a7000 	C:\Users\Acer\.jdks\corretto-18.0.2\bin\jawt.dll
0x00007ffa15300000 - 0x00007ffa1544a000 	C:\WINDOWS\SYSTEM32\textinputframework.dll
0x00007ffa28b50000 - 0x00007ffa28c83000 	C:\WINDOWS\SYSTEM32\CoreMessaging.dll
0x00007ffa25230000 - 0x00007ffa2559c000 	C:\WINDOWS\SYSTEM32\CoreUIComponents.dll
0x00007ffa2b6b0000 - 0x00007ffa2b6bc000 	C:\WINDOWS\SYSTEM32\CRYPTBASE.DLL
0x00007ffa2aa60000 - 0x00007ffa2ab59000 	C:\WINDOWS\SYSTEM32\DNSAPI.dll
0x00007ffa2a9f0000 - 0x00007ffa2aa1d000 	C:\WINDOWS\SYSTEM32\IPHLPAPI.DLL
0x00007ffa2d3e0000 - 0x00007ffa2d3e9000 	C:\WINDOWS\System32\NSI.dll
0x00007ffa21b50000 - 0x00007ffa21b5a000 	C:\Windows\System32\rasadhlp.dll
0x00007ffa23110000 - 0x00007ffa23193000 	C:\WINDOWS\System32\fwpuclnt.dll
0x00007ffa054f0000 - 0x00007ffa054fe000 	C:\Users\Acer\.jdks\corretto-18.0.2\bin\sunmscapi.dll
0x00007ffa2c060000 - 0x00007ffa2c1c6000 	C:\WINDOWS\System32\CRYPT32.dll
0x00007ffa2b8c0000 - 0x00007ffa2b8ed000 	C:\WINDOWS\SYSTEM32\ncrypt.dll
0x00007ffa2b880000 - 0x00007ffa2b8b7000 	C:\WINDOWS\SYSTEM32\NTASN1.dll
0x00007ffa2b690000 - 0x00007ffa2b6ab000 	C:\WINDOWS\SYSTEM32\CRYPTSP.dll
0x00007ffa2af50000 - 0x00007ffa2af85000 	C:\WINDOWS\system32\rsaenh.dll
0x00007ffa2b530000 - 0x00007ffa2b55c000 	C:\WINDOWS\SYSTEM32\USERENV.dll
0x00007ffa2b8f0000 - 0x00007ffa2b918000 	C:\WINDOWS\SYSTEM32\bcrypt.dll
0x00007ffa24750000 - 0x00007ffa24769000 	C:\WINDOWS\SYSTEM32\dhcpcsvc6.DLL
0x00007ffa245c0000 - 0x00007ffa245df000 	C:\WINDOWS\SYSTEM32\dhcpcsvc.DLL
0x00007ffa216e0000 - 0x00007ffa216f0000 	C:\Users\Acer\.jdks\corretto-18.0.2\bin\verify.dll

dbghelp: loaded successfully - version: 4.0.5 - missing functions: none
symbol engine: initialized successfully - sym options: 0x614 - pdb path: .;C:\Users\Acer\.jdks\corretto-18.0.2\bin;C:\WINDOWS\SYSTEM32;C:\WINDOWS\WinSxS\amd64_microsoft.windows.common-controls_6595b64144ccf1df_6.0.22621.2506_none_270c5ae97388e100;C:\Users\Acer\.jdks\corretto-18.0.2\bin\server;C:\Users\Acer\AppData\Local\JetBrains\IntelliJ IDEA Community Edition 2022.3.2\bin;C:\Users\Acer\AppData\Local\Temp\flatlaf.temp

VM Arguments:
jvm_args: -javaagent:C:\Users\Acer\AppData\Local\JetBrains\IntelliJ IDEA Community Edition 2022.3.2\lib\idea_rt.jar=64436:C:\Users\Acer\AppData\Local\JetBrains\IntelliJ IDEA Community Edition 2022.3.2\bin -Dfile.encoding=UTF-8 -Dsun.stdout.encoding=UTF-8 -Dsun.stderr.encoding=UTF-8 
java_command: GUI.LoginGUI
java_class_path (initial): C:\Users\Acer\Documents\Code\java\project\ComputerShop\out\production\ComputerShop;C:\Users\Acer\Documents\Code\java\project\ComputerShop\lib\jdatepicker-1.3.4.jar;C:\Users\Acer\Documents\Code\java\project\ComputerShop\lib\mysql-connector-j-8.0.32.jar;C:\Users\Acer\Documents\Code\java\project\ComputerShop\lib\jcalendar-1.4.jar;C:\Users\Acer\Documents\Code\java\project\ComputerShop\lib\jfreechart-1.5.4.jar;C:\Users\Acer\Documents\Code\java\project\ComputerShop\lib\poi-5.2.3.jar;C:\Users\Acer\Documents\Code\java\project\ComputerShop\lib\poi-ooxml-5.2.3.jar;C:\Users\Acer\Documents\Code\java\project\ComputerShop\lib\xmlbeans-5.1.1.jar;C:\Users\Acer\Documents\Code\java\project\ComputerShop\lib\flatlaf-3.2.1.jar;C:\Users\Acer\Documents\Code\java\project\ComputerShop\lib\commons-codec-1.15.jar;C:\Users\Acer\Documents\Code\java\project\ComputerShop\lib\commons-collections4-4.4.jar;C:\Users\Acer\Documents\Code\java\project\ComputerShop\lib\commons-compress-1.21.jar;C:\Users\Acer\Documents\Code\java\project\ComputerShop\lib\commons-io-2.11.0.jar;C:\Users\Acer\Documents\Code\java\project\ComputerShop\lib\commons-math3-3.6.1.jar;C:\Users\Acer\Documents\Code\java\project\ComputerShop\lib\curvesapi-1.07.jar;C:\Users\Acer\Documents\Code\java\project\ComputerShop\lib\itextpdf-5.4.0.jar;C:\Users\Acer\Documents\Code\java\project\ComputerShop\lib\log4j-api-2.18.0.jar;C:\Users\Acer\Documents\Code\java\project\ComputerShop\lib\SparseBitSet-1.2.jar;C:\Users\Acer\Documents\Code\java\project\ComputerShop\lib\poi-ooxml-lite-5.2.3.jar;C:\Users\Acer\Documents\Code\java\project\ComputerShop\lib\pdfbox-3.0.0.jar;C:\Users\Acer\Documents\Code\java\project\ComputerShop\lib\commons-logging-1.2.jar;C:\Users\Acer\Documents\Code\java\project\ComputerShop\lib\pdfbox-io-3.0.0.jar;C:\Users\Acer\Documents\Code\java\project\ComputerShop\lib\pdfbox-debugger-3.0.0.jar;C:\Users\Acer\Documents\Code\java\project\ComputerShop\lib\pdfbox-tools-3.0.0.jar;C:\Users\Acer\Documents\Code\java\project\ComputerShop\lib\fontbox-3.0.0.jar;C:\Users\Acer\Documents\Code\java\project\ComputerShop\lib\preflight-3.0.0.jar;C:\Users\Acer\Documents\Code\java\project\ComputerShop\lib\xmpbox-3.0.0.jar;C:\Users\Acer\Documents\Code\java\project\ComputerShop\lib\commons-logging-1.2-javadoc.jar
Launcher Type: SUN_STANDARD

[Global flags]
     intx CICompilerCount                          = 4                                         {product} {ergonomic}
     uint ConcGCThreads                            = 2                                         {product} {ergonomic}
     uint G1ConcRefinementThreads                  = 8                                         {product} {ergonomic}
   size_t G1HeapRegionSize                         = 1048576                                   {product} {ergonomic}
    uintx GCDrainStackTargetSize                   = 64                                        {product} {ergonomic}
   size_t InitialHeapSize                          = 132120576                                 {product} {ergonomic}
   size_t MarkStackSize                            = 4194304                                   {product} {ergonomic}
   size_t MaxHeapSize                              = 2113929216                                {product} {ergonomic}
   size_t MaxNewSize                               = 1267728384                                {product} {ergonomic}
   size_t MinHeapDeltaBytes                        = 1048576                                   {product} {ergonomic}
   size_t MinHeapSize                              = 8388608                                   {product} {ergonomic}
    uintx NonNMethodCodeHeapSize                   = 5839372                                {pd product} {ergonomic}
    uintx NonProfiledCodeHeapSize                  = 122909434                              {pd product} {ergonomic}
    uintx ProfiledCodeHeapSize                     = 122909434                              {pd product} {ergonomic}
    uintx ReservedCodeCacheSize                    = 251658240                              {pd product} {ergonomic}
     bool SegmentedCodeCache                       = true                                      {product} {ergonomic}
   size_t SoftMaxHeapSize                          = 2113929216                             {manageable} {ergonomic}
     bool UseCompressedClassPointers               = true                           {product lp64_product} {ergonomic}
     bool UseCompressedOops                        = true                           {product lp64_product} {ergonomic}
     bool UseG1GC                                  = true                                      {product} {ergonomic}
     bool UseLargePagesIndividualAllocation        = false                                  {pd product} {ergonomic}

Logging:
Log output configuration:
 #0: stdout all=warning uptime,level,tags foldmultilines=false
 #1: stderr all=off uptime,level,tags foldmultilines=false

Environment Variables:
JAVA_HOME=C:\Program Files\Java\jdk-18
PATH=C:\Program Files (x86)\Common Files\Oracle\Java\javapath;C:\Python311\Scripts\;C:\Python311\;C:\Program Files (x86)\VMware\VMware Workstation\bin\;C:\Program Files\Common Files\Oracle\Java\javapath;C:\Windows\system32;C:\Windows;C:\Windows\System32\Wbem;C:\Windows\System32\WindowsPowerShell\v1.0\;C:\Windows\System32\OpenSSH\;C:\Program Files (x86)\NVIDIA Corporation\PhysX\Common;C:\Program Files\NVIDIA Corporation\NVIDIA NvDLISR;C:\WINDOWS\system32;C:\WINDOWS;C:\WINDOWS\System32\Wbem;C:\WINDOWS\System32\WindowsPowerShell\v1.0\;C:\WINDOWS\System32\OpenSSH\;C:\Program Files\Microsoft SQL Server\130\Tools\Binn\;C:\Program Files\Java\jdk-18\bin;.;C:\Program Files\Microsoft SQL Server\Client SDK\ODBC\170\Tools\Binn\;C:\Program Files (x86)\Microsoft SQL Server\150\Tools\Binn\;C:\Program Files\Microsoft SQL Server\150\Tools\Binn\;C:\Program Files\Microsoft SQL Server\150\DTS\Binn\;C:\Program Files (x86)\Microsoft SQL Server\150\DTS\Binn\;C:\Program Files\Azure Data Studio\bin;C:\WINDOWS\system32;C:\WINDOWS;C:\WINDOWS\System32\Wbem;C:\WINDOWS\System32\WindowsPowerShell\v1.0\;C:\WINDOWS\System32\OpenSSH\;C:\Program Files\sqljdbc_11.2\enu\mssql-jdbc-11.2.3.jre18.jar;C:\Users\Acer\AppData\Local\Programs\Python\Python38\Scripts\;C:\Users\Acer\AppData\Local\Programs\Python\Python38;C:\Program Files\CMake\bin;C:\ProgramData\chocolatey\bin;C:\Program Files\Git\cmd;C:\Program Files\nodejs\;C:\Program Files\Docker\Docker\resources\bin;C:\Users\Acer\AppData\Local\Programs\Python\Python38\Scripts\;C:\Users\Acer\AppData\Local\Programs\Python\Python38\;C:\Users\Acer\AppData\Local\Microsoft\WindowsApps;C:\MinGW\bin;C:\Users\Acer\AppData\Local\GitHubDesktop\bin;C:\Microsoft VS Code\bin;C:\Program Files\Azure Data Studio\bin;;C:\Program Files\JetBrains\PyCharm Community Edition 2023.1\bin;;C:\Users\Acer\AppData\Roaming\npm;C:\tools\dart-sdk\bin;C:\Users\Acer\AppData\Local\Pub\Cache\bin;
USERNAME=Acer
OS=Windows_NT
PROCESSOR_IDENTIFIER=Intel64 Family 6 Model 165 Stepping 2, GenuineIntel



---------------  S Y S T E M  ---------------

OS:
 Windows 11 , 64 bit Build 22621 (10.0.22621.2506)
OS uptime: 2 days 15:39 hours
Hyper-V role detected

CPU: total 8 (initial active 8) (4 cores per cpu, 2 threads per core) family 6 model 165 stepping 2 microcode 0xec, cx8, cmov, fxsr, ht, mmx, 3dnowpref, sse, sse2, sse3, ssse3, sse4.1, sse4.2, popcnt, lzcnt, tsc, tscinvbit, avx, avx2, aes, erms, clmul, bmi1, bmi2, adx, fma, vzeroupper, clflush, clflushopt, hv

Memory: 4k page, system-wide physical 8059M (429M free)
TotalPageFile size 32635M (AvailPageFile size 151M)
current process WorkingSet (physical memory assigned to process): 252M, peak: 276M
current process commit charge ("private bytes"): 349M, peak: 681M

vm_info: OpenJDK 64-Bit Server VM (18.0.2+9-FR) for windows-amd64 JRE (18.0.2+9-FR), built on Jul 15 2022 20:03:03 by "Administrator" with MS VC++ 15.9 (VS2017)

END.
